<?xml version="1.0" encoding="UTF-8"?>
<robot generator="Robot 5.0 (Python 3.9.5 on win32)" generated="20220610 07:52:39.136" rpa="false" schemaversion="3">
<suite id="s1" name="Online" source="c:\projects\ROBOT\gravidadezero\yodapp\online.robot">
<test id="s1-t1" name="Yodapp deve estar online" line="7">
<kw name="New Browser" library="Browser">
<arg>webkit</arg>
<arg>headless=false</arg>
<arg>slowMo=00:00:01</arg>
<tag>BrowserControl</tag>
<tag>Setter</tag>
<doc>Create a new playwright Browser with specified options.</doc>
<msg timestamp="20220610 07:52:39.851" level="INFO">{"browser": "webkit", "headless": false, "handleSIGINT": true, "handleSIGTERM": true, "handleSIGHUP": true, "timeout": 30000.0, "devtools": false, "slowMo": 1000.0, "tracesDir": "C:\\projects\\ROBOT\\gravidadezero\\yodapp\\browser\\traces\\dc024e5b-dfa4-46a5-9e2c-cb53f57c2360"}</msg>
<msg timestamp="20220610 07:52:40.186" level="INFO">Successfully created browser with options: {"browser":"webkit","headless":false,"handleSIGINT":true,"handleSIGTERM":true,"handleSIGHUP":true,"timeout":30000,"devtools":false,"slowMo":1000,"tracesDir":"C:\\projects\\ROBOT\\gravidadezero\\yodapp\\browser\\traces\\dc024e5b-dfa4-46a5-9e2c-cb53f57c2360"}</msg>
<status status="PASS" starttime="20220610 07:52:39.850" endtime="20220610 07:52:40.186"/>
</kw>
<kw name="New Page" library="Browser">
<arg>https://yodapp.vercel.app/</arg>
<tag>BrowserControl</tag>
<tag>Setter</tag>
<doc>Open a new Page.</doc>
<msg timestamp="20220610 07:52:42.109" level="INFO">Successfully initialized new page object and opened url: https://yodapp.vercel.app/</msg>
<msg timestamp="20220610 07:52:42.109" level="INFO">No context was open. New context was automatically opened when this page is created.</msg>
<status status="PASS" starttime="20220610 07:52:40.186" endtime="20220610 07:52:42.110"/>
</kw>
<kw name="Get Title" library="Browser">
<arg>equal</arg>
<arg>Yodapp | QAninja</arg>
<tag>Assertion</tag>
<tag>Getter</tag>
<tag>PageContent</tag>
<doc>Returns the title of the current page.</doc>
<status status="PASS" starttime="20220610 07:52:42.112" endtime="20220610 07:52:42.127"/>
</kw>
<kw name="Take Screenshot" library="Browser">
<tag>PageContent</tag>
<doc>Takes a screenshot of the current window or element and saves it to disk.</doc>
<msg timestamp="20220610 07:52:42.210" level="INFO" html="true">&lt;/td&gt;&lt;/tr&gt;&lt;tr&gt;&lt;td colspan="3"&gt;&lt;a href="browser/screenshot/robotframework-browser-screenshot-1.png"&gt;&lt;img src="browser/screenshot/robotframework-browser-screenshot-1.png" width="800px"&gt;&lt;/a&gt;</msg>
<status status="PASS" starttime="20220610 07:52:42.128" endtime="20220610 07:52:42.210"/>
</kw>
<status status="PASS" starttime="20220610 07:52:39.847" endtime="20220610 07:52:42.210"/>
</test>
<doc>Suite de testes para verificar se o app esta Online</doc>
<status status="PASS" starttime="20220610 07:52:39.137" endtime="20220610 07:52:42.251"/>
</suite>
<statistics>
<total>
<stat pass="1" fail="0" skip="0">All Tests</stat>
</total>
<tag>
</tag>
<suite>
<stat pass="1" fail="0" skip="0" id="s1" name="Online">Online</stat>
</suite>
</statistics>
<errors>
</errors>
</robot>
