<?xml version="1.0" encoding="UTF-8"?>
<robot generator="Robot 5.0 (Python 3.9.5 on win32)" generated="20220612 18:46:22.331" rpa="false" schemaversion="3">
<suite id="s1" name="Cadastro" source="c:\projects\ROBOT\GravidadeZero\yodapp\tests\cadastro.robot">
<test id="s1-t1" name="Deve cadastrar um novo personagem" line="14">
<kw name="Start Session" library="base" type="SETUP">
<kw name="New Browser" library="Browser">
<arg>chromium</arg>
<arg>headless=false</arg>
<arg>slowMo=00:00:00</arg>
<tag>BrowserControl</tag>
<tag>Setter</tag>
<doc>Create a new playwright Browser with specified options.</doc>
<msg timestamp="20220612 18:46:23.877" level="INFO">{"browser": "chromium", "headless": false, "handleSIGINT": true, "handleSIGTERM": true, "handleSIGHUP": true, "timeout": 30000.0, "devtools": false, "slowMo": 0.0, "tracesDir": "C:\\projects\\ROBOT\\GravidadeZero\\yodapp\\browser\\traces\\a5866fd2-be63-42ae-86ad-5bc481658dd0"}</msg>
<msg timestamp="20220612 18:46:25.534" level="INFO">Successfully created browser with options: {"browser":"chromium","headless":false,"handleSIGINT":true,"handleSIGTERM":true,"handleSIGHUP":true,"timeout":30000,"devtools":false,"slowMo":0,"tracesDir":"C:\\projects\\ROBOT\\GravidadeZero\\yodapp\\browser\\traces\\a5866fd2-be63-42ae-86ad-5bc481658dd0"}</msg>
<status status="PASS" starttime="20220612 18:46:23.877" endtime="20220612 18:46:25.534"/>
</kw>
<kw name="New Page" library="Browser">
<arg>${BASE_URL}</arg>
<tag>BrowserControl</tag>
<tag>Setter</tag>
<doc>Open a new Page.</doc>
<msg timestamp="20220612 18:46:26.851" level="INFO">Successfully initialized new page object and opened url: https://yodapp-testing.vercel.app/</msg>
<msg timestamp="20220612 18:46:26.851" level="INFO">No context was open. New context was automatically opened when this page is created.</msg>
<status status="PASS" starttime="20220612 18:46:25.534" endtime="20220612 18:46:26.851"/>
</kw>
<status status="PASS" starttime="20220612 18:46:23.876" endtime="20220612 18:46:26.851"/>
</kw>
<kw name="Factory Yoda" library="users">
<var>&amp;{user}</var>
<msg timestamp="20220612 18:46:26.852" level="INFO">&amp;{user} = { name=Mestre Yoda | email=yoda@jedi.com | ordem=Jedi | tpjedi=Cavaleiro Jedi | bdate=fevereiro-1970-20 | instagram=@yoda }</msg>
<status status="PASS" starttime="20220612 18:46:26.852" endtime="20220612 18:46:26.852"/>
</kw>
<kw name="Go To Use form" library="actions">
<kw name="Click" library="Browser">
<arg>text=Novo</arg>
<tag>PageContent</tag>
<tag>Setter</tag>
<doc>Simulates mouse click on the element found by ``selector``.</doc>
<status status="PASS" starttime="20220612 18:46:26.853" endtime="20220612 18:46:26.938"/>
</kw>
<kw name="Wait For Elements State" library="Browser">
<arg>css=.card-header-title</arg>
<arg>visible</arg>
<arg>5</arg>
<tag>PageContent</tag>
<tag>Wait</tag>
<doc>Waits for the element found by ``selector`` to satisfy state option.</doc>
<msg timestamp="20220612 18:46:27.100" level="INFO">Waited for Element with selector css=.card-header-title at state visible</msg>
<status status="PASS" starttime="20220612 18:46:26.939" endtime="20220612 18:46:27.101"/>
</kw>
<status status="PASS" starttime="20220612 18:46:26.852" endtime="20220612 18:46:27.101"/>
</kw>
<kw name="Fill Use form" library="actions">
<arg>${user}</arg>
<kw name="Fill Text" library="Browser">
<arg>css=input[name="nome"]</arg>
<arg>${user}[name]</arg>
<tag>PageContent</tag>
<tag>Setter</tag>
<doc>Clears and fills the given ``txt`` into the text field found by ``selector``.</doc>
<msg timestamp="20220612 18:46:27.102" level="INFO">Fills the text 'Mestre Yoda' in the given field.</msg>
<status status="PASS" starttime="20220612 18:46:27.101" endtime="20220612 18:46:27.124"/>
</kw>
<kw name="Fill Text" library="Browser">
<arg>css=input[name="email"]</arg>
<arg>${user}[email]</arg>
<tag>PageContent</tag>
<tag>Setter</tag>
<doc>Clears and fills the given ``txt`` into the text field found by ``selector``.</doc>
<msg timestamp="20220612 18:46:27.124" level="INFO">Fills the text 'yoda@jedi.com' in the given field.</msg>
<status status="PASS" starttime="20220612 18:46:27.124" endtime="20220612 18:46:27.143"/>
</kw>
<kw name="Select Options By" library="Browser">
<arg>css=.ordem select</arg>
<arg>text</arg>
<arg>${user}[ordem]</arg>
<tag>PageContent</tag>
<tag>Setter</tag>
<doc>Selects options from select element found by ``selector``.</doc>
<status status="PASS" starttime="20220612 18:46:27.143" endtime="20220612 18:46:27.171"/>
</kw>
<kw name="Select Birth Date" library="actions">
<arg>${user}[bdate]</arg>
<kw name="Split String" library="String">
<var>@{date}</var>
<arg>${text_date}</arg>
<arg>-</arg>
<doc>Splits the ``string`` using ``separator`` as a delimiter string.</doc>
<msg timestamp="20220612 18:46:27.172" level="INFO">@{date} = [ fevereiro | 1970 | 20 ]</msg>
<status status="PASS" starttime="20220612 18:46:27.172" endtime="20220612 18:46:27.172"/>
</kw>
<kw name="Click" library="Browser">
<arg>css=input[placeholder^="Selecione"]</arg>
<tag>PageContent</tag>
<tag>Setter</tag>
<doc>Simulates mouse click on the element found by ``selector``.</doc>
<status status="PASS" starttime="20220612 18:46:27.172" endtime="20220612 18:46:27.260"/>
</kw>
<kw name="Select Options By" library="Browser">
<arg>xpath=(//header[@class="datepicker-header"]//select)[1]</arg>
<arg>text</arg>
<arg>${date}[0]</arg>
<tag>PageContent</tag>
<tag>Setter</tag>
<doc>Selects options from select element found by ``selector``.</doc>
<status status="PASS" starttime="20220612 18:46:27.260" endtime="20220612 18:46:27.287"/>
</kw>
<kw name="Select Options By" library="Browser">
<arg>xpath=(//header[@class="datepicker-header"]//select)[2]</arg>
<arg>text</arg>
<arg>${date}[1]</arg>
<tag>PageContent</tag>
<tag>Setter</tag>
<doc>Selects options from select element found by ``selector``.</doc>
<status status="PASS" starttime="20220612 18:46:27.287" endtime="20220612 18:46:27.317"/>
</kw>
<kw name="Click" library="Browser">
<arg>//a[contains(@class, "datepicker-cell")]//span[text()="${date}[2]"]</arg>
<tag>PageContent</tag>
<tag>Setter</tag>
<doc>Simulates mouse click on the element found by ``selector``.</doc>
<status status="PASS" starttime="20220612 18:46:27.317" endtime="20220612 18:46:27.375"/>
</kw>
<status status="PASS" starttime="20220612 18:46:27.171" endtime="20220612 18:46:27.375"/>
</kw>
<kw name="Fill Text" library="Browser">
<arg>id=insta</arg>
<arg>${user}[instagram]</arg>
<tag>PageContent</tag>
<tag>Setter</tag>
<doc>Clears and fills the given ``txt`` into the text field found by ``selector``.</doc>
<msg timestamp="20220612 18:46:27.376" level="INFO">Fills the text '@yoda' in the given field.</msg>
<status status="PASS" starttime="20220612 18:46:27.375" endtime="20220612 18:46:27.394"/>
</kw>
<status status="PASS" starttime="20220612 18:46:27.101" endtime="20220612 18:46:27.394"/>
</kw>
<kw name="Select Jedi" library="actions">
<arg>${user}[tpjedi]</arg>
<kw name="Click" library="Browser">
<arg>xpath=//input[@value="${tpjedi}"]/..//span[@class="check"]</arg>
<tag>PageContent</tag>
<tag>Setter</tag>
<doc>Simulates mouse click on the element found by ``selector``.</doc>
<status status="PASS" starttime="20220612 18:46:27.395" endtime="20220612 18:46:27.435"/>
</kw>
<status status="PASS" starttime="20220612 18:46:27.394" endtime="20220612 18:46:27.435"/>
</kw>
<kw name="Check Accept Communications" library="actions">
<kw name="Click" library="Browser">
<arg>xpath=//input[@name="comunications"]/..//span[@class="check"]</arg>
<tag>PageContent</tag>
<tag>Setter</tag>
<doc>Simulates mouse click on the element found by ``selector``.</doc>
<status status="PASS" starttime="20220612 18:46:27.436" endtime="20220612 18:46:27.591"/>
</kw>
<status status="PASS" starttime="20220612 18:46:27.436" endtime="20220612 18:46:27.591"/>
</kw>
<kw name="Submmit Use Form" library="actions">
<kw name="Click" library="Browser">
<arg>css=button &gt;&gt; text=Cadastrar</arg>
<tag>PageContent</tag>
<tag>Setter</tag>
<doc>Simulates mouse click on the element found by ``selector``.</doc>
<status status="PASS" starttime="20220612 18:46:27.592" endtime="20220612 18:46:27.645"/>
</kw>
<status status="PASS" starttime="20220612 18:46:27.592" endtime="20220612 18:46:27.645"/>
</kw>
<kw name="Toaster Message Should Be" library="actions">
<arg>Usuário cadastrado com sucesso!</arg>
<kw name="Set Variable" library="BuiltIn">
<var>${element}</var>
<arg>css=.toast div</arg>
<doc>Returns the given values which can then be assigned to a variables.</doc>
<msg timestamp="20220612 18:46:27.646" level="INFO">${element} = css=.toast div</msg>
<status status="PASS" starttime="20220612 18:46:27.646" endtime="20220612 18:46:27.646"/>
</kw>
<kw name="Wait For Elements State" library="Browser">
<arg>${element}</arg>
<arg>visible</arg>
<arg>5</arg>
<tag>PageContent</tag>
<tag>Wait</tag>
<doc>Waits for the element found by ``selector`` to satisfy state option.</doc>
<msg timestamp="20220612 18:46:27.653" level="INFO">Waited for Element with selector css=.toast div at state visible</msg>
<status status="PASS" starttime="20220612 18:46:27.646" endtime="20220612 18:46:27.653"/>
</kw>
<kw name="Get Text" library="Browser">
<arg>${element}</arg>
<arg>equal</arg>
<arg>${Expect_Message}</arg>
<tag>Assertion</tag>
<tag>Getter</tag>
<tag>PageContent</tag>
<doc>Returns text attribute of the element found by ``selector``.</doc>
<status status="PASS" starttime="20220612 18:46:27.653" endtime="20220612 18:46:27.666"/>
</kw>
<status status="PASS" starttime="20220612 18:46:27.645" endtime="20220612 18:46:27.666"/>
</kw>
<kw name="Go To Home Page" library="actions">
<kw name="Go To" library="Browser">
<arg>${BASE_URL}</arg>
<tag>BrowserControl</tag>
<tag>Setter</tag>
<doc>Navigates to the given ``url``.</doc>
<msg timestamp="20220612 18:46:27.833" level="INFO">Successfully opened URL https://yodapp-testing.vercel.app/</msg>
<status status="PASS" starttime="20220612 18:46:27.666" endtime="20220612 18:46:27.833"/>
</kw>
<kw name="Wait For Elements State" library="Browser">
<arg>css=.carousel</arg>
<arg>visible</arg>
<arg>5</arg>
<tag>PageContent</tag>
<tag>Wait</tag>
<doc>Waits for the element found by ``selector`` to satisfy state option.</doc>
<msg timestamp="20220612 18:46:27.847" level="INFO">Waited for Element with selector css=.carousel at state visible</msg>
<status status="PASS" starttime="20220612 18:46:27.833" endtime="20220612 18:46:27.847"/>
</kw>
<status status="PASS" starttime="20220612 18:46:27.666" endtime="20220612 18:46:27.847"/>
</kw>
<kw name="User Should Be Visible" library="actions">
<arg>${user}</arg>
<kw name="Set Variable" library="BuiltIn">
<var>${element}</var>
<arg>xpath=//td[contains(text(), "${user}[email]")]/..</arg>
<doc>Returns the given values which can then be assigned to a variables.</doc>
<msg timestamp="20220612 18:46:27.848" level="INFO">${element} = xpath=//td[contains(text(), "yoda@jedi.com")]/..</msg>
<status status="PASS" starttime="20220612 18:46:27.848" endtime="20220612 18:46:27.849"/>
</kw>
<kw name="Wait For Elements State" library="Browser">
<arg>${element}</arg>
<arg>visible</arg>
<arg>5</arg>
<tag>PageContent</tag>
<tag>Wait</tag>
<doc>Waits for the element found by ``selector`` to satisfy state option.</doc>
<msg timestamp="20220612 18:46:27.854" level="INFO">Waited for Element with selector xpath=//td[contains(text(), "yoda@jedi.com")]/.. at state visible</msg>
<status status="PASS" starttime="20220612 18:46:27.849" endtime="20220612 18:46:27.854"/>
</kw>
<kw name="Get Text" library="Browser">
<arg>${element}</arg>
<arg>contains</arg>
<arg>${user}[name]</arg>
<tag>Assertion</tag>
<tag>Getter</tag>
<tag>PageContent</tag>
<doc>Returns text attribute of the element found by ``selector``.</doc>
<status status="PASS" starttime="20220612 18:46:27.854" endtime="20220612 18:46:27.871"/>
</kw>
<kw name="Get Text" library="Browser">
<arg>${element}</arg>
<arg>contains</arg>
<arg>${user}[email]</arg>
<tag>Assertion</tag>
<tag>Getter</tag>
<tag>PageContent</tag>
<doc>Returns text attribute of the element found by ``selector``.</doc>
<status status="PASS" starttime="20220612 18:46:27.871" endtime="20220612 18:46:27.881"/>
</kw>
<kw name="Get Text" library="Browser">
<arg>${element}</arg>
<arg>contains</arg>
<arg>${user}[instagram]</arg>
<tag>Assertion</tag>
<tag>Getter</tag>
<tag>PageContent</tag>
<doc>Returns text attribute of the element found by ``selector``.</doc>
<status status="PASS" starttime="20220612 18:46:27.882" endtime="20220612 18:46:27.891"/>
</kw>
<status status="PASS" starttime="20220612 18:46:27.848" endtime="20220612 18:46:27.891"/>
</kw>
<kw name="End Session" library="base" type="TEARDOWN">
<kw name="Take Screenshot" library="Browser">
<tag>PageContent</tag>
<doc>Takes a screenshot of the current window or element and saves it to disk.</doc>
<msg timestamp="20220612 18:46:28.105" level="INFO" html="true">&lt;/td&gt;&lt;/tr&gt;&lt;tr&gt;&lt;td colspan="3"&gt;&lt;a href="browser/screenshot/robotframework-browser-screenshot-1.png"&gt;&lt;img src="browser/screenshot/robotframework-browser-screenshot-1.png" width="800px"&gt;&lt;/a&gt;</msg>
<status status="PASS" starttime="20220612 18:46:27.892" endtime="20220612 18:46:28.105"/>
</kw>
<status status="PASS" starttime="20220612 18:46:27.892" endtime="20220612 18:46:28.105"/>
</kw>
<tag>happy</tag>
<status status="PASS" starttime="20220612 18:46:23.872" endtime="20220612 18:46:28.121"/>
</test>
<test id="s1-t2" name="Email Incorreto" line="28">
<kw name="Start Session" library="base" type="SETUP">
<kw name="New Browser" library="Browser">
<arg>chromium</arg>
<arg>headless=false</arg>
<arg>slowMo=00:00:00</arg>
<tag>BrowserControl</tag>
<tag>Setter</tag>
<doc>Create a new playwright Browser with specified options.</doc>
<msg timestamp="20220612 18:46:28.174" level="INFO">{"browser": "chromium", "headless": false, "handleSIGINT": true, "handleSIGTERM": true, "handleSIGHUP": true, "timeout": 30000.0, "devtools": false, "slowMo": 0.0, "tracesDir": "C:\\projects\\ROBOT\\GravidadeZero\\yodapp\\browser\\traces\\61652772-080d-4605-b7e0-9eee21a46237"}</msg>
<msg timestamp="20220612 18:46:28.437" level="INFO">Successfully created browser with options: {"browser":"chromium","headless":false,"handleSIGINT":true,"handleSIGTERM":true,"handleSIGHUP":true,"timeout":30000,"devtools":false,"slowMo":0,"tracesDir":"C:\\projects\\ROBOT\\GravidadeZero\\yodapp\\browser\\traces\\61652772-080d-4605-b7e0-9eee21a46237"}</msg>
<status status="PASS" starttime="20220612 18:46:28.173" endtime="20220612 18:46:28.438"/>
</kw>
<kw name="New Page" library="Browser">
<arg>${BASE_URL}</arg>
<tag>BrowserControl</tag>
<tag>Setter</tag>
<doc>Open a new Page.</doc>
<msg timestamp="20220612 18:46:29.321" level="INFO">Successfully initialized new page object and opened url: https://yodapp-testing.vercel.app/</msg>
<msg timestamp="20220612 18:46:29.321" level="INFO">No context was open. New context was automatically opened when this page is created.</msg>
<status status="PASS" starttime="20220612 18:46:28.438" endtime="20220612 18:46:29.321"/>
</kw>
<status status="PASS" starttime="20220612 18:46:28.172" endtime="20220612 18:46:29.322"/>
</kw>
<kw name="Factory Darth Vader" library="users">
<var>&amp;{user}</var>
<msg timestamp="20220612 18:46:29.322" level="INFO">&amp;{user} = { name=Darth Vader | email=vader&amp;hotmail.com | ordem=Sith | bdate=dezembro-1980-15 | instagram=@yvader }</msg>
<status status="PASS" starttime="20220612 18:46:29.322" endtime="20220612 18:46:29.322"/>
</kw>
<kw name="Go To Use form" library="actions">
<kw name="Click" library="Browser">
<arg>text=Novo</arg>
<tag>PageContent</tag>
<tag>Setter</tag>
<doc>Simulates mouse click on the element found by ``selector``.</doc>
<status status="PASS" starttime="20220612 18:46:29.323" endtime="20220612 18:46:29.476"/>
</kw>
<kw name="Wait For Elements State" library="Browser">
<arg>css=.card-header-title</arg>
<arg>visible</arg>
<arg>5</arg>
<tag>PageContent</tag>
<tag>Wait</tag>
<doc>Waits for the element found by ``selector`` to satisfy state option.</doc>
<msg timestamp="20220612 18:46:29.611" level="INFO">Waited for Element with selector css=.card-header-title at state visible</msg>
<status status="PASS" starttime="20220612 18:46:29.477" endtime="20220612 18:46:29.611"/>
</kw>
<status status="PASS" starttime="20220612 18:46:29.323" endtime="20220612 18:46:29.611"/>
</kw>
<kw name="Fill Use form" library="actions">
<arg>${user}</arg>
<kw name="Fill Text" library="Browser">
<arg>css=input[name="nome"]</arg>
<arg>${user}[name]</arg>
<tag>PageContent</tag>
<tag>Setter</tag>
<doc>Clears and fills the given ``txt`` into the text field found by ``selector``.</doc>
<msg timestamp="20220612 18:46:29.612" level="INFO">Fills the text 'Darth Vader' in the given field.</msg>
<status status="PASS" starttime="20220612 18:46:29.612" endtime="20220612 18:46:29.630"/>
</kw>
<kw name="Fill Text" library="Browser">
<arg>css=input[name="email"]</arg>
<arg>${user}[email]</arg>
<tag>PageContent</tag>
<tag>Setter</tag>
<doc>Clears and fills the given ``txt`` into the text field found by ``selector``.</doc>
<msg timestamp="20220612 18:46:29.630" level="INFO">Fills the text 'vader&amp;hotmail.com' in the given field.</msg>
<status status="PASS" starttime="20220612 18:46:29.630" endtime="20220612 18:46:29.648"/>
</kw>
<kw name="Select Options By" library="Browser">
<arg>css=.ordem select</arg>
<arg>text</arg>
<arg>${user}[ordem]</arg>
<tag>PageContent</tag>
<tag>Setter</tag>
<doc>Selects options from select element found by ``selector``.</doc>
<status status="PASS" starttime="20220612 18:46:29.648" endtime="20220612 18:46:29.674"/>
</kw>
<kw name="Select Birth Date" library="actions">
<arg>${user}[bdate]</arg>
<kw name="Split String" library="String">
<var>@{date}</var>
<arg>${text_date}</arg>
<arg>-</arg>
<doc>Splits the ``string`` using ``separator`` as a delimiter string.</doc>
<msg timestamp="20220612 18:46:29.675" level="INFO">@{date} = [ dezembro | 1980 | 15 ]</msg>
<status status="PASS" starttime="20220612 18:46:29.674" endtime="20220612 18:46:29.675"/>
</kw>
<kw name="Click" library="Browser">
<arg>css=input[placeholder^="Selecione"]</arg>
<tag>PageContent</tag>
<tag>Setter</tag>
<doc>Simulates mouse click on the element found by ``selector``.</doc>
<status status="PASS" starttime="20220612 18:46:29.675" endtime="20220612 18:46:29.778"/>
</kw>
<kw name="Select Options By" library="Browser">
<arg>xpath=(//header[@class="datepicker-header"]//select)[1]</arg>
<arg>text</arg>
<arg>${date}[0]</arg>
<tag>PageContent</tag>
<tag>Setter</tag>
<doc>Selects options from select element found by ``selector``.</doc>
<status status="PASS" starttime="20220612 18:46:29.778" endtime="20220612 18:46:29.807"/>
</kw>
<kw name="Select Options By" library="Browser">
<arg>xpath=(//header[@class="datepicker-header"]//select)[2]</arg>
<arg>text</arg>
<arg>${date}[1]</arg>
<tag>PageContent</tag>
<tag>Setter</tag>
<doc>Selects options from select element found by ``selector``.</doc>
<status status="PASS" starttime="20220612 18:46:29.807" endtime="20220612 18:46:29.832"/>
</kw>
<kw name="Click" library="Browser">
<arg>//a[contains(@class, "datepicker-cell")]//span[text()="${date}[2]"]</arg>
<tag>PageContent</tag>
<tag>Setter</tag>
<doc>Simulates mouse click on the element found by ``selector``.</doc>
<status status="PASS" starttime="20220612 18:46:29.832" endtime="20220612 18:46:29.877"/>
</kw>
<status status="PASS" starttime="20220612 18:46:29.674" endtime="20220612 18:46:29.877"/>
</kw>
<kw name="Fill Text" library="Browser">
<arg>id=insta</arg>
<arg>${user}[instagram]</arg>
<tag>PageContent</tag>
<tag>Setter</tag>
<doc>Clears and fills the given ``txt`` into the text field found by ``selector``.</doc>
<msg timestamp="20220612 18:46:29.878" level="INFO">Fills the text '@yvader' in the given field.</msg>
<status status="PASS" starttime="20220612 18:46:29.877" endtime="20220612 18:46:29.894"/>
</kw>
<status status="PASS" starttime="20220612 18:46:29.612" endtime="20220612 18:46:29.894"/>
</kw>
<kw name="Check Accept Communications" library="actions">
<kw name="Click" library="Browser">
<arg>xpath=//input[@name="comunications"]/..//span[@class="check"]</arg>
<tag>PageContent</tag>
<tag>Setter</tag>
<doc>Simulates mouse click on the element found by ``selector``.</doc>
<status status="PASS" starttime="20220612 18:46:29.895" endtime="20220612 18:46:30.065"/>
</kw>
<status status="PASS" starttime="20220612 18:46:29.894" endtime="20220612 18:46:30.066"/>
</kw>
<kw name="Submmit Use Form" library="actions">
<kw name="Click" library="Browser">
<arg>css=button &gt;&gt; text=Cadastrar</arg>
<tag>PageContent</tag>
<tag>Setter</tag>
<doc>Simulates mouse click on the element found by ``selector``.</doc>
<status status="PASS" starttime="20220612 18:46:30.066" endtime="20220612 18:46:30.119"/>
</kw>
<status status="PASS" starttime="20220612 18:46:30.066" endtime="20220612 18:46:30.119"/>
</kw>
<kw name="Toaster Message Should Be" library="actions">
<arg>Oops! O email é incorreto.</arg>
<kw name="Set Variable" library="BuiltIn">
<var>${element}</var>
<arg>css=.toast div</arg>
<doc>Returns the given values which can then be assigned to a variables.</doc>
<msg timestamp="20220612 18:46:30.120" level="INFO">${element} = css=.toast div</msg>
<status status="PASS" starttime="20220612 18:46:30.120" endtime="20220612 18:46:30.120"/>
</kw>
<kw name="Wait For Elements State" library="Browser">
<arg>${element}</arg>
<arg>visible</arg>
<arg>5</arg>
<tag>PageContent</tag>
<tag>Wait</tag>
<doc>Waits for the element found by ``selector`` to satisfy state option.</doc>
<msg timestamp="20220612 18:46:30.127" level="INFO">Waited for Element with selector css=.toast div at state visible</msg>
<status status="PASS" starttime="20220612 18:46:30.120" endtime="20220612 18:46:30.127"/>
</kw>
<kw name="Get Text" library="Browser">
<arg>${element}</arg>
<arg>equal</arg>
<arg>${Expect_Message}</arg>
<tag>Assertion</tag>
<tag>Getter</tag>
<tag>PageContent</tag>
<doc>Returns text attribute of the element found by ``selector``.</doc>
<status status="PASS" starttime="20220612 18:46:30.128" endtime="20220612 18:46:30.138"/>
</kw>
<status status="PASS" starttime="20220612 18:46:30.120" endtime="20220612 18:46:30.138"/>
</kw>
<kw name="End Session" library="base" type="TEARDOWN">
<kw name="Take Screenshot" library="Browser">
<tag>PageContent</tag>
<doc>Takes a screenshot of the current window or element and saves it to disk.</doc>
<msg timestamp="20220612 18:46:30.287" level="INFO" html="true">&lt;/td&gt;&lt;/tr&gt;&lt;tr&gt;&lt;td colspan="3"&gt;&lt;a href="browser/screenshot/robotframework-browser-screenshot-2.png"&gt;&lt;img src="browser/screenshot/robotframework-browser-screenshot-2.png" width="800px"&gt;&lt;/a&gt;</msg>
<status status="PASS" starttime="20220612 18:46:30.139" endtime="20220612 18:46:30.287"/>
</kw>
<status status="PASS" starttime="20220612 18:46:30.139" endtime="20220612 18:46:30.287"/>
</kw>
<tag>inv_email</tag>
<status status="PASS" starttime="20220612 18:46:28.166" endtime="20220612 18:46:30.288"/>
</test>
<doc>Suite de testes do cadastro de personagens</doc>
<status status="PASS" starttime="20220612 18:46:22.331" endtime="20220612 18:46:30.329"/>
</suite>
<statistics>
<total>
<stat pass="2" fail="0" skip="0">All Tests</stat>
</total>
<tag>
<stat pass="1" fail="0" skip="0">happy</stat>
<stat pass="1" fail="0" skip="0">inv_email</stat>
</tag>
<suite>
<stat pass="2" fail="0" skip="0" id="s1" name="Cadastro">Cadastro</stat>
</suite>
</statistics>
<errors>
</errors>
</robot>
