<?xml version="1.0" encoding="UTF-8"?>
<robot generator="Robot 5.0 (Python 3.9.5 on win32)" generated="20220610 15:38:17.681" rpa="false" schemaversion="3">
<suite id="s1" name="Cadastro" source="C:\projects\ROBOT\gravidadezero\yodapp\cadastro.robot">
<test id="s1-t1" name="Deve cadastrar um novo personagem" line="11">
<kw name="Start Session" library="base" type="SETUP">
<kw name="New Browser" library="Browser">
<arg>chromium</arg>
<arg>headless=false</arg>
<arg>slowMo=00:00:01</arg>
<tag>BrowserControl</tag>
<tag>Setter</tag>
<doc>Create a new playwright Browser with specified options.</doc>
<msg timestamp="20220610 15:38:18.392" level="INFO">{"browser": "chromium", "headless": false, "handleSIGINT": true, "handleSIGTERM": true, "handleSIGHUP": true, "timeout": 30000.0, "devtools": false, "slowMo": 1000.0, "tracesDir": "C:\\projects\\ROBOT\\gravidadezero\\yodapp\\logs\\browser\\traces\\ac1e7e21-bd87-4ecc-87c6-9d8383f193e8"}</msg>
<msg timestamp="20220610 15:38:18.688" level="INFO">Successfully created browser with options: {"browser":"chromium","headless":false,"handleSIGINT":true,"handleSIGTERM":true,"handleSIGHUP":true,"timeout":30000,"devtools":false,"slowMo":1000,"tracesDir":"C:\\projects\\ROBOT\\gravidadezero\\yodapp\\logs\\browser\\traces\\ac1e7e21-bd87-4ecc-87c6-9d8383f193e8"}</msg>
<status status="PASS" starttime="20220610 15:38:18.392" endtime="20220610 15:38:18.688"/>
</kw>
<kw name="New Page" library="Browser">
<arg>https://yodapp.vercel.app/</arg>
<tag>BrowserControl</tag>
<tag>Setter</tag>
<doc>Open a new Page.</doc>
<msg timestamp="20220610 15:38:20.464" level="INFO">Successfully initialized new page object and opened url: https://yodapp.vercel.app/</msg>
<msg timestamp="20220610 15:38:20.464" level="INFO">No context was open. New context was automatically opened when this page is created.</msg>
<status status="PASS" starttime="20220610 15:38:18.688" endtime="20220610 15:38:20.465"/>
</kw>
<status status="PASS" starttime="20220610 15:38:18.392" endtime="20220610 15:38:20.465"/>
</kw>
<kw name="Click" library="Browser">
<arg>text=Novo</arg>
<tag>PageContent</tag>
<tag>Setter</tag>
<doc>Simulates mouse click on the element found by ``selector``.</doc>
<status status="PASS" starttime="20220610 15:38:20.467" endtime="20220610 15:38:21.523"/>
</kw>
<kw name="Wait For Elements State" library="Browser">
<arg>css=.card-header-title</arg>
<arg>visible</arg>
<arg>5</arg>
<tag>PageContent</tag>
<tag>Wait</tag>
<doc>Waits for the element found by ``selector`` to satisfy state option.</doc>
<msg timestamp="20220610 15:38:21.539" level="INFO">Waited for Element with selector css=.card-header-title at state visible</msg>
<status status="PASS" starttime="20220610 15:38:21.524" endtime="20220610 15:38:21.539"/>
</kw>
<kw name="Fill Text" library="Browser">
<arg>css=input[placeholder^="Nome"]</arg>
<arg>Mestre Yoda</arg>
<tag>PageContent</tag>
<tag>Setter</tag>
<doc>Clears and fills the given ``txt`` into the text field found by ``selector``.</doc>
<msg timestamp="20220610 15:38:21.540" level="INFO">Fills the text 'Mestre Yoda' in the given field.</msg>
<status status="PASS" starttime="20220610 15:38:21.539" endtime="20220610 15:38:22.566"/>
</kw>
<kw name="Fill Text" library="Browser">
<arg>css=input[placeholder="Email"]</arg>
<arg>yoda@jedi.com</arg>
<tag>PageContent</tag>
<tag>Setter</tag>
<doc>Clears and fills the given ``txt`` into the text field found by ``selector``.</doc>
<msg timestamp="20220610 15:38:22.566" level="INFO">Fills the text 'yoda@jedi.com' in the given field.</msg>
<status status="PASS" starttime="20220610 15:38:22.566" endtime="20220610 15:38:23.591"/>
</kw>
<kw name="Fill Text" library="Browser">
<arg>id=insta</arg>
<arg>@yoda</arg>
<tag>PageContent</tag>
<tag>Setter</tag>
<doc>Clears and fills the given ``txt`` into the text field found by ``selector``.</doc>
<msg timestamp="20220610 15:38:23.592" level="INFO">Fills the text '@yoda' in the given field.</msg>
<status status="PASS" starttime="20220610 15:38:23.591" endtime="20220610 15:38:24.622"/>
</kw>
<kw name="Select Options By" library="Browser">
<arg>css=.ordem select</arg>
<arg>text</arg>
<arg>Jedi</arg>
<tag>PageContent</tag>
<tag>Setter</tag>
<doc>Selects options from select element found by ``selector``.</doc>
<status status="PASS" starttime="20220610 15:38:24.622" endtime="20220610 15:38:26.688"/>
</kw>
<kw name="Select Birth Date">
<arg>fevereiro</arg>
<arg>1970</arg>
<arg>20</arg>
<kw name="Click" library="Browser">
<arg>css=input[placeholder^="Data"]</arg>
<tag>PageContent</tag>
<tag>Setter</tag>
<doc>Simulates mouse click on the element found by ``selector``.</doc>
<status status="PASS" starttime="20220610 15:38:26.691" endtime="20220610 15:38:27.752"/>
</kw>
<kw name="Select Options By" library="Browser">
<arg>xpath=(//header[@class="datepicker-header"]//select)[1]</arg>
<arg>text</arg>
<arg>${month}</arg>
<tag>PageContent</tag>
<tag>Setter</tag>
<doc>Selects options from select element found by ``selector``.</doc>
<status status="PASS" starttime="20220610 15:38:27.753" endtime="20220610 15:38:29.824"/>
</kw>
<kw name="Select Options By" library="Browser">
<arg>xpath=(//header[@class="datepicker-header"]//select)[2]</arg>
<arg>text</arg>
<arg>${year}</arg>
<tag>PageContent</tag>
<tag>Setter</tag>
<doc>Selects options from select element found by ``selector``.</doc>
<status status="PASS" starttime="20220610 15:38:29.824" endtime="20220610 15:38:31.895"/>
</kw>
<kw name="Click" library="Browser">
<arg>//a[contains(@class, "datepicker-cell")]//span[text()="${day}"]</arg>
<tag>PageContent</tag>
<tag>Setter</tag>
<doc>Simulates mouse click on the element found by ``selector``.</doc>
<status status="PASS" starttime="20220610 15:38:31.895" endtime="20220610 15:38:32.970"/>
</kw>
<status status="PASS" starttime="20220610 15:38:26.690" endtime="20220610 15:38:32.971"/>
</kw>
<kw name="End Session" library="base" type="TEARDOWN">
<kw name="Take Screenshot" library="Browser">
<tag>PageContent</tag>
<doc>Takes a screenshot of the current window or element and saves it to disk.</doc>
<msg timestamp="20220610 15:38:33.097" level="INFO" html="true">&lt;/td&gt;&lt;/tr&gt;&lt;tr&gt;&lt;td colspan="3"&gt;&lt;a href="browser/screenshot/robotframework-browser-screenshot-1.png"&gt;&lt;img src="browser/screenshot/robotframework-browser-screenshot-1.png" width="800px"&gt;&lt;/a&gt;</msg>
<status status="PASS" starttime="20220610 15:38:32.974" endtime="20220610 15:38:33.097"/>
</kw>
<status status="PASS" starttime="20220610 15:38:32.973" endtime="20220610 15:38:33.097"/>
</kw>
<status status="PASS" starttime="20220610 15:38:18.390" endtime="20220610 15:38:33.098"/>
</test>
<doc>Suite de testes do cadastro de eprsonagens</doc>
<status status="PASS" starttime="20220610 15:38:17.683" endtime="20220610 15:38:33.142"/>
</suite>
<statistics>
<total>
<stat pass="1" fail="0" skip="0">All Tests</stat>
</total>
<tag>
</tag>
<suite>
<stat pass="1" fail="0" skip="0" id="s1" name="Cadastro">Cadastro</stat>
</suite>
</statistics>
<errors>
</errors>
</robot>
