<?xml version="1.0" encoding="UTF-8"?>
<robot generator="Robot 5.0 (Python 3.9.4 on win32)" generated="20220611 16:40:20.364" rpa="false" schemaversion="3">
<suite id="s1" name="Tests" source="C:\projetos\gravidadeZeroQANinja\tests">
<suite id="s1-s1" name="Cadastro" source="C:\projetos\gravidadeZeroQANinja\tests\cadastro.robot">
<test id="s1-s1-t1" name="Deve cadastrar um novo personagem" line="14">
<kw name="Start Session" library="base" type="SETUP">
<kw name="New Browser" library="Browser">
<arg>chromium</arg>
<arg>headless=false</arg>
<arg>slowMo=00:00:00</arg>
<tag>BrowserControl</tag>
<tag>Setter</tag>
<doc>Create a new playwright Browser with specified options.</doc>
<msg timestamp="20220611 16:40:21.939" level="INFO">{"browser": "chromium", "headless": false, "handleSIGINT": true, "handleSIGTERM": true, "handleSIGHUP": true, "timeout": 30000.0, "devtools": false, "slowMo": 0.0, "tracesDir": "C:\\projetos\\gravidadeZeroQANinja\\logs\\browser\\traces\\4df9b479-f7d8-49c6-9a2a-76bdef78f989"}</msg>
<msg timestamp="20220611 16:40:22.950" level="INFO">Successfully created browser with options: {"browser":"chromium","headless":false,"handleSIGINT":true,"handleSIGTERM":true,"handleSIGHUP":true,"timeout":30000,"devtools":false,"slowMo":0,"tracesDir":"C:\\projetos\\gravidadeZeroQANinja\\logs\\browser\\traces\\4df9b479-f7d8-49c6-9a2a-76bdef78f989"}</msg>
<status status="PASS" starttime="20220611 16:40:21.937" endtime="20220611 16:40:22.950"/>
</kw>
<kw name="New Page" library="Browser">
<arg>${BASE_URL}</arg>
<tag>BrowserControl</tag>
<tag>Setter</tag>
<doc>Open a new Page.</doc>
<msg timestamp="20220611 16:40:25.093" level="INFO">Successfully initialized new page object and opened url: https://yodapp-testing.vercel.app/</msg>
<msg timestamp="20220611 16:40:25.093" level="INFO">No context was open. New context was automatically opened when this page is created.</msg>
<status status="PASS" starttime="20220611 16:40:22.950" endtime="20220611 16:40:25.093"/>
</kw>
<status status="PASS" starttime="20220611 16:40:21.936" endtime="20220611 16:40:25.093"/>
</kw>
<kw name="Factory Yoda" library="users">
<var>&amp;{user}</var>
<msg timestamp="20220611 16:40:25.095" level="INFO">&amp;{user} = { name=Mestre Yoda | email=yoda@jedi.com | ordem=Jedi | tpjedi=Cavaleiro Jedi | bdate=fevereiro-1970-20 | instagram=@yoda }</msg>
<status status="PASS" starttime="20220611 16:40:25.094" endtime="20220611 16:40:25.095"/>
</kw>
<kw name="Go To Use form" library="actions">
<kw name="Click" library="Browser">
<arg>text=Novo</arg>
<tag>PageContent</tag>
<tag>Setter</tag>
<doc>Simulates mouse click on the element found by ``selector``.</doc>
<status status="PASS" starttime="20220611 16:40:25.096" endtime="20220611 16:40:25.258"/>
</kw>
<kw name="Wait For Elements State" library="Browser">
<arg>css=.card-header-title</arg>
<arg>visible</arg>
<arg>5</arg>
<tag>PageContent</tag>
<tag>Wait</tag>
<doc>Waits for the element found by ``selector`` to satisfy state option.</doc>
<msg timestamp="20220611 16:40:25.569" level="INFO">Waited for Element with selector css=.card-header-title at state visible</msg>
<status status="PASS" starttime="20220611 16:40:25.258" endtime="20220611 16:40:25.569"/>
</kw>
<status status="PASS" starttime="20220611 16:40:25.096" endtime="20220611 16:40:25.569"/>
</kw>
<kw name="Fill Use form" library="actions">
<arg>${user}</arg>
<kw name="Fill Text" library="Browser">
<arg>css=input[name="nome"]</arg>
<arg>${user}[name]</arg>
<tag>PageContent</tag>
<tag>Setter</tag>
<doc>Clears and fills the given ``txt`` into the text field found by ``selector``.</doc>
<msg timestamp="20220611 16:40:25.573" level="INFO">Fills the text 'Mestre Yoda' in the given field.</msg>
<status status="PASS" starttime="20220611 16:40:25.573" endtime="20220611 16:40:25.632"/>
</kw>
<kw name="Fill Text" library="Browser">
<arg>css=input[name="email"]</arg>
<arg>${user}[email]</arg>
<tag>PageContent</tag>
<tag>Setter</tag>
<doc>Clears and fills the given ``txt`` into the text field found by ``selector``.</doc>
<msg timestamp="20220611 16:40:25.634" level="INFO">Fills the text 'yoda@jedi.com' in the given field.</msg>
<status status="PASS" starttime="20220611 16:40:25.633" endtime="20220611 16:40:25.678"/>
</kw>
<kw name="Select Options By" library="Browser">
<arg>css=.ordem select</arg>
<arg>text</arg>
<arg>${user}[ordem]</arg>
<tag>PageContent</tag>
<tag>Setter</tag>
<doc>Selects options from select element found by ``selector``.</doc>
<status status="PASS" starttime="20220611 16:40:25.678" endtime="20220611 16:40:25.744"/>
</kw>
<kw name="Select Birth Date" library="actions">
<arg>${user}[bdate]</arg>
<kw name="Split String" library="String">
<var>@{date}</var>
<arg>${text_date}</arg>
<arg>-</arg>
<doc>Splits the ``string`` using ``separator`` as a delimiter string.</doc>
<msg timestamp="20220611 16:40:25.744" level="INFO">@{date} = [ fevereiro | 1970 | 20 ]</msg>
<status status="PASS" starttime="20220611 16:40:25.744" endtime="20220611 16:40:25.744"/>
</kw>
<kw name="Click" library="Browser">
<arg>css=input[placeholder^="Selecione"]</arg>
<tag>PageContent</tag>
<tag>Setter</tag>
<doc>Simulates mouse click on the element found by ``selector``.</doc>
<status status="PASS" starttime="20220611 16:40:25.744" endtime="20220611 16:40:25.922"/>
</kw>
<kw name="Select Options By" library="Browser">
<arg>xpath=(//header[@class="datepicker-header"]//select)[1]</arg>
<arg>text</arg>
<arg>${date}[0]</arg>
<tag>PageContent</tag>
<tag>Setter</tag>
<doc>Selects options from select element found by ``selector``.</doc>
<status status="PASS" starttime="20220611 16:40:25.923" endtime="20220611 16:40:26.011"/>
</kw>
<kw name="Select Options By" library="Browser">
<arg>xpath=(//header[@class="datepicker-header"]//select)[2]</arg>
<arg>text</arg>
<arg>${date}[1]</arg>
<tag>PageContent</tag>
<tag>Setter</tag>
<doc>Selects options from select element found by ``selector``.</doc>
<status status="PASS" starttime="20220611 16:40:26.011" endtime="20220611 16:40:26.078"/>
</kw>
<kw name="Click" library="Browser">
<arg>//a[contains(@class, "datepicker-cell")]//span[text()="${date}[2]"]</arg>
<tag>PageContent</tag>
<tag>Setter</tag>
<doc>Simulates mouse click on the element found by ``selector``.</doc>
<status status="PASS" starttime="20220611 16:40:26.078" endtime="20220611 16:40:26.158"/>
</kw>
<status status="PASS" starttime="20220611 16:40:25.744" endtime="20220611 16:40:26.158"/>
</kw>
<kw name="Fill Text" library="Browser">
<arg>id=insta</arg>
<arg>${user}[instagram]</arg>
<tag>PageContent</tag>
<tag>Setter</tag>
<doc>Clears and fills the given ``txt`` into the text field found by ``selector``.</doc>
<msg timestamp="20220611 16:40:26.159" level="INFO">Fills the text '@yoda' in the given field.</msg>
<status status="PASS" starttime="20220611 16:40:26.158" endtime="20220611 16:40:26.199"/>
</kw>
<status status="PASS" starttime="20220611 16:40:25.572" endtime="20220611 16:40:26.200"/>
</kw>
<kw name="Select Jedi" library="actions">
<arg>${user}[tpjedi]</arg>
<kw name="Click" library="Browser">
<arg>xpath=//input[@value="${tpjedi}"]/..//span[@class="check"]</arg>
<tag>PageContent</tag>
<tag>Setter</tag>
<doc>Simulates mouse click on the element found by ``selector``.</doc>
<status status="PASS" starttime="20220611 16:40:26.202" endtime="20220611 16:40:26.277"/>
</kw>
<status status="PASS" starttime="20220611 16:40:26.201" endtime="20220611 16:40:26.277"/>
</kw>
<kw name="Check Accept Communications" library="actions">
<kw name="Click" library="Browser">
<arg>xpath=//input[@name="comunications"]/..//span[@class="check"]</arg>
<tag>PageContent</tag>
<tag>Setter</tag>
<doc>Simulates mouse click on the element found by ``selector``.</doc>
<status status="PASS" starttime="20220611 16:40:26.279" endtime="20220611 16:40:26.358"/>
</kw>
<status status="PASS" starttime="20220611 16:40:26.278" endtime="20220611 16:40:26.358"/>
</kw>
<kw name="Submmit Use Form" library="actions">
<kw name="Click" library="Browser">
<arg>css=button &gt;&gt; text=Cadastrar</arg>
<tag>PageContent</tag>
<tag>Setter</tag>
<doc>Simulates mouse click on the element found by ``selector``.</doc>
<status status="PASS" starttime="20220611 16:40:26.360" endtime="20220611 16:40:26.450"/>
</kw>
<status status="PASS" starttime="20220611 16:40:26.359" endtime="20220611 16:40:26.451"/>
</kw>
<kw name="Toaster Message Should Be" library="actions">
<arg>Usuário cadastrado com sucesso!</arg>
<kw name="Set Variable" library="BuiltIn">
<var>${element}</var>
<arg>css=.toast div</arg>
<doc>Returns the given values which can then be assigned to a variables.</doc>
<msg timestamp="20220611 16:40:26.454" level="INFO">${element} = css=.toast div</msg>
<status status="PASS" starttime="20220611 16:40:26.454" endtime="20220611 16:40:26.454"/>
</kw>
<kw name="Wait For Elements State" library="Browser">
<arg>${element}</arg>
<arg>visible</arg>
<arg>5</arg>
<tag>PageContent</tag>
<tag>Wait</tag>
<doc>Waits for the element found by ``selector`` to satisfy state option.</doc>
<msg timestamp="20220611 16:40:26.471" level="INFO">Waited for Element with selector css=.toast div at state visible</msg>
<status status="PASS" starttime="20220611 16:40:26.455" endtime="20220611 16:40:26.471"/>
</kw>
<kw name="Get Text" library="Browser">
<arg>${element}</arg>
<arg>equal</arg>
<arg>${Expect_Message}</arg>
<tag>Assertion</tag>
<tag>Getter</tag>
<tag>PageContent</tag>
<doc>Returns text attribute of the element found by ``selector``.</doc>
<status status="PASS" starttime="20220611 16:40:26.471" endtime="20220611 16:40:26.507"/>
</kw>
<status status="PASS" starttime="20220611 16:40:26.453" endtime="20220611 16:40:26.507"/>
</kw>
<kw name="Go To Home Page" library="actions">
<kw name="Go To" library="Browser">
<arg>${BASE_URL}</arg>
<tag>BrowserControl</tag>
<tag>Setter</tag>
<doc>Navigates to the given ``url``.</doc>
<msg timestamp="20220611 16:40:27.619" level="INFO">Successfully opened URL https://yodapp-testing.vercel.app/</msg>
<status status="PASS" starttime="20220611 16:40:26.508" endtime="20220611 16:40:27.620"/>
</kw>
<kw name="Wait For Elements State" library="Browser">
<arg>css=.carousel</arg>
<arg>visible</arg>
<arg>5</arg>
<tag>PageContent</tag>
<tag>Wait</tag>
<doc>Waits for the element found by ``selector`` to satisfy state option.</doc>
<msg timestamp="20220611 16:40:27.657" level="INFO">Waited for Element with selector css=.carousel at state visible</msg>
<status status="PASS" starttime="20220611 16:40:27.620" endtime="20220611 16:40:27.657"/>
</kw>
<status status="PASS" starttime="20220611 16:40:26.507" endtime="20220611 16:40:27.657"/>
</kw>
<kw name="User Should Be Visible" library="actions">
<arg>${user}</arg>
<kw name="Set Variable" library="BuiltIn">
<var>${element}</var>
<arg>xpath=//td[contains(text(), "${user}[email]")]/..</arg>
<doc>Returns the given values which can then be assigned to a variables.</doc>
<msg timestamp="20220611 16:40:27.659" level="INFO">${element} = xpath=//td[contains(text(), "yoda@jedi.com")]/..</msg>
<status status="PASS" starttime="20220611 16:40:27.659" endtime="20220611 16:40:27.659"/>
</kw>
<kw name="Wait For Elements State" library="Browser">
<arg>${element}</arg>
<arg>visible</arg>
<arg>5</arg>
<tag>PageContent</tag>
<tag>Wait</tag>
<doc>Waits for the element found by ``selector`` to satisfy state option.</doc>
<msg timestamp="20220611 16:40:27.672" level="INFO">Waited for Element with selector xpath=//td[contains(text(), "yoda@jedi.com")]/.. at state visible</msg>
<status status="PASS" starttime="20220611 16:40:27.659" endtime="20220611 16:40:27.672"/>
</kw>
<kw name="Get Text" library="Browser">
<arg>${element}</arg>
<arg>contains</arg>
<arg>${user}[name]</arg>
<tag>Assertion</tag>
<tag>Getter</tag>
<tag>PageContent</tag>
<doc>Returns text attribute of the element found by ``selector``.</doc>
<status status="PASS" starttime="20220611 16:40:27.673" endtime="20220611 16:40:27.708"/>
</kw>
<kw name="Get Text" library="Browser">
<arg>${element}</arg>
<arg>contains</arg>
<arg>${user}[email]</arg>
<tag>Assertion</tag>
<tag>Getter</tag>
<tag>PageContent</tag>
<doc>Returns text attribute of the element found by ``selector``.</doc>
<status status="PASS" starttime="20220611 16:40:27.708" endtime="20220611 16:40:27.731"/>
</kw>
<kw name="Get Text" library="Browser">
<arg>${element}</arg>
<arg>contains</arg>
<arg>${user}[instagram]</arg>
<tag>Assertion</tag>
<tag>Getter</tag>
<tag>PageContent</tag>
<doc>Returns text attribute of the element found by ``selector``.</doc>
<status status="PASS" starttime="20220611 16:40:27.731" endtime="20220611 16:40:27.751"/>
</kw>
<status status="PASS" starttime="20220611 16:40:27.658" endtime="20220611 16:40:27.752"/>
</kw>
<kw name="End Session" library="base" type="TEARDOWN">
<kw name="Take Screenshot" library="Browser">
<tag>PageContent</tag>
<doc>Takes a screenshot of the current window or element and saves it to disk.</doc>
<msg timestamp="20220611 16:40:28.046" level="INFO" html="true">&lt;/td&gt;&lt;/tr&gt;&lt;tr&gt;&lt;td colspan="3"&gt;&lt;a href="browser/screenshot/robotframework-browser-screenshot-1.png"&gt;&lt;img src="browser/screenshot/robotframework-browser-screenshot-1.png" width="800px"&gt;&lt;/a&gt;</msg>
<status status="PASS" starttime="20220611 16:40:27.753" endtime="20220611 16:40:28.046"/>
</kw>
<status status="PASS" starttime="20220611 16:40:27.752" endtime="20220611 16:40:28.046"/>
</kw>
<tag>happy</tag>
<status status="PASS" starttime="20220611 16:40:21.917" endtime="20220611 16:40:28.047"/>
</test>
<doc>Suite de testes do cadastro de personagens</doc>
<status status="PASS" starttime="20220611 16:40:20.395" endtime="20220611 16:40:28.193"/>
</suite>
<status status="PASS" starttime="20220611 16:40:20.364" endtime="20220611 16:40:28.206"/>
</suite>
<statistics>
<total>
<stat pass="1" fail="0" skip="0">All Tests</stat>
</total>
<tag>
<stat pass="1" fail="0" skip="0">happy</stat>
</tag>
<suite>
<stat pass="1" fail="0" skip="0" id="s1" name="Tests">Tests</stat>
<stat pass="1" fail="0" skip="0" id="s1-s1" name="Cadastro">Tests.Cadastro</stat>
</suite>
</statistics>
<errors>
</errors>
</robot>
